<?xml version="1.0" encoding="UTF-8"?>
<testsuite xmlns:xsi="http://www.w3.org/2001/XMLSchema-instance" xsi:noNamespaceSchemaLocation="https://maven.apache.org/surefire/maven-surefire-plugin/xsd/surefire-test-report.xsd" name="com.application.StreamingStatisticsApplicationTest" time="3.093" tests="3" errors="0" skipped="0" failures="0">
  <properties>
[...]
</properties>
  <testcase name="shouldRecord" classname="com.application.StreamingStatisticsApplicationTest" time="0.38"/>
  <testcase name="shouldReturnEmpty" classname="com.application.StreamingStatisticsApplicationTest" time="0.064"/>
  <testcase name="shouldNotRecord" classname="com.application.StreamingStatisticsApplicationTest" time="0.069"/>
</testsuite>